cir> cirr ./tests.fraig/opt06.aag

cir> cirp

Circuit Statistics
==================
  PI           2
  PO           1
  AIG         12
------------------
  Total       15

cir> cirp -n

[0] CONST0
[1] PI  1
[2] AIG 3 0 1
[3] AIG 4 3 !0
[4] AIG 5 0 4
[5] PI  2
[6] AIG 7 1 !2
[7] AIG 8 !7 !7
[8] AIG 6 !5 8
[9] AIG 11 6 8
[10] AIG 10 6 7
[11] AIG 9 7 7
[12] AIG 12 6 9
[13] AIG 13 !10 12
[14] AIG 14 11 !13
[15] PO  15 14

cir> cirg 14 -fanin 7
AIG 14
  AIG 11
    AIG 6
      !AIG 5
        CONST 0
        AIG 4
          AIG 3
            CONST 0
            PI 1
          !CONST 0
      AIG 8
        !AIG 7
          PI 1
          !PI 2
        !AIG 7 (*)
    AIG 8 (*)
  !AIG 13
    !AIG 10
      AIG 6 (*)
      AIG 7 (*)
    AIG 12
      AIG 6 (*)
      AIG 9
        AIG 7 (*)
        AIG 7 (*)

cir> cirg 14 -fanin 4
AIG 14
  AIG 11
    AIG 6
      !AIG 5
        CONST 0
        AIG 4
      AIG 8
        !AIG 7
        !AIG 7
    AIG 8 (*)
  !AIG 13
    !AIG 10
      AIG 6 (*)
      AIG 7
        PI 1
        !PI 2
    AIG 12
      AIG 6 (*)
      AIG 9
        AIG 7
        AIG 7

cir> cirg 14 -fanin 0
AIG 14

cir> cirp -pi
PIs of the circuit: 1 2

cir> cirp -po
POs of the circuit: 15

cir> cirw
aag 14 2 0 1 12
2
4
28
6 0 2
8 6 1
10 0 8
14 2 5
16 15 15
12 11 16
22 12 16
20 12 14
18 14 14
24 12 18
26 21 24
28 22 27
c

cir> cirr ./tests.fraig/opt05.aag -r

cir> cirp -n

[0] CONST0
[1] PI  1
[2] AIG 6 !0 !1
[3] AIG 8 6 1
[4] PI  2
[5] PI  3
[6] AIG 7 2 3
[7] AIG 9 8 7
[8] PO  13 9
[9] AIG 11 !7 !0
[10] PO  14 !11
[11] PI  5
[12] PI  4
[13] AIG 10 4 !8
[14] AIG 12 5 10
[15] PO  15 12

cir> cirp -pi
PIs of the circuit: 1 2 3 4 5

cir> cirp -po
POs of the circuit: 13 14 15

cir> cirp -fl

cir> cirw
aag 12 5 0 3 7
2
4
6
8
10
18
23
24
12 1 3
16 12 2
14 4 6
18 16 14
22 15 1
20 8 17
24 10 20
c

cir> cirr ./tests.fraig/strash03.aag -r

cir> cirp -n

[0] PI  1
[1] PI  3
[2] AIG 4 !1 3
[3] PI  2
[4] AIG 6 4 2
[5] PO  8 6
[6] AIG 5 !3 1
[7] AIG 7 2 5
[8] PO  9 7

cir> cirp -pi
PIs of the circuit: 1 2 3

cir> cirp -po
POs of the circuit: 8 9

cir> cirp -fl

cir> cirw
aag 7 3 0 2 4
2
4
6
12
14
8 3 6
12 8 4
10 7 2
14 4 10
c

cir> cirr ./tests.fraig/strash04.aag -r

cir> cirp -n

[0] PI  3
[1] PI  1
[2] AIG 4 3 !1
[3] PI  2
[4] AIG 6 4 !2
[5] PO  8 6
[6] AIG 5 1 !3
[7] AIG 7 2 5
[8] PO  9 7

cir> cirp -pi
PIs of the circuit: 1 2 3

cir> cirp -po
POs of the circuit: 8 9

cir> cirp -fl

cir> cirw
aag 7 3 0 2 4
2
4
6
12
14
8 6 3
12 8 5
10 2 7
14 4 10
c

cir> cirr ./tests.fraig/strash02.aag -r

cir> cirp -n

[0] PI  1
[1] PI  3
[2] AIG 4 !1 3
[3] PI  2
[4] AIG 6 4 !2
[5] PO  8 6
[6] AIG 5 3 !1
[7] AIG 7 2 !5
[8] PO  9 7

cir> cirp -pi
PIs of the circuit: 1 2 3

cir> cirp -po
POs of the circuit: 8 9

cir> cirp -fl

cir> cirw
aag 7 3 0 2 4
2
4
6
12
14
8 3 6
12 8 5
10 6 3
14 4 11
c

cir> cirr ./tests.fraig/strash06.aag -r

cir> cirp -n

[0] PI  1
[1] PI  2
[2] AIG 3 1 2
[3] PO  11 3

cir> cirp -pi
PIs of the circuit: 1 2

cir> cirp -po
POs of the circuit: 11

cir> cirp -fl
Gates with floating fanin(s): 7
Gates defined but not used  : 9 10

cir> cirw
aag 10 2 0 1 1
2
4
6
6 2 4
c

cir> cirr ./tests.fraig/strash07.aag -r

cir> cirp -n

[0] PI  1
[1] PI  2
[2] AIG 3 1 2
[3] AIG 4 2 1
[4] AIG 5 3 4
[5] PO  6 5

cir> cirp -pi
PIs of the circuit: 1 2

cir> cirp -po
POs of the circuit: 6

cir> cirp -fl

cir> cirw
aag 5 2 0 1 3
2
4
10
6 2 4
8 4 2
10 6 8
c

cir> cirr ./tests.fraig/strash09.aag -r

cir> cirp -n

[0] PI  1
[1] PI  2
[2] AIG 4 1 2
[3] AIG 5 !1 !2
[4] AIG 6 4 5
[5] PO  8 6
[6] AIG 3 2 1
[7] AIG 7 5 3
[8] PO  9 7

cir> cirp -pi
PIs of the circuit: 1 2

cir> cirp -po
POs of the circuit: 8 9

cir> cirp -fl

cir> cirw
aag 7 2 0 2 5
2
4
12
14
8 2 4
10 3 5
12 8 10
6 4 2
14 10 6
c

cir> cirr ./tests.fraig/strash10.aag -r

cir> cirp -n

[0] PI  1
[1] CONST0
[2] AIG 3 1 0
[3] PO  4 3

cir> cirp -pi
PIs of the circuit: 1 2

cir> cirp -po
POs of the circuit: 4

cir> cirp -fl
Gates defined but not used  : 2

cir> cirw
aag 3 2 0 1 1
2
4
6
6 2 0
c

cir> cirr ./tests.fraig/sim11.aag -r

cir> cirp -n

[0] PI  1
[1] PI  2
[2] AIG 3 1 2
[3] PO  5 3
[4] AIG 4 !1 2
[5] PO  6 4

cir> cirp -pi
PIs of the circuit: 1 2

cir> cirp -po
POs of the circuit: 5 6

cir> cirp -fl

cir> cirw
aag 4 2 0 2 2
2
4
6
8
6 2 4
8 3 4
c

cir> cirr ./tests.fraig/sim08.aag -r

cir> cirp -n

[0] PI  1
[1] PI  2
[2] AIG 4 1 2
[3] AIG 5 !1 !2
[4] AIG 6 4 5
[5] PO  9 6
[6] AIG 3 2 1
[7] AIG 7 5 3
[8] PO  10 7

cir> cirp -pi
PIs of the circuit: 1 2

cir> cirp -po
POs of the circuit: 9 10

cir> cirp -fl

cir> cirw
aag 8 2 0 2 5
2
4
12
14
8 2 4
10 3 5
12 8 10
6 4 2
14 10 6
c

cir> cirr ./tests.fraig/test2.aag -r

cir> cirp -n

[0] CONST0
[1] PO  17 0
[2] PI  2
[3] PI  3
[4] AIG 7 2 3
[5] PO  18 7
[6] PI  5
[7] PI  4
[8] AIG 12 5 4
[9] PO  19 12

cir> cirp -pi
PIs of the circuit: 1 2 3 4 5

cir> cirp -po
POs of the circuit: 17 18 19

cir> cirp -fl
Gates defined but not used  : 1

cir> cirw
aag 16 5 0 3 2
2
4
6
8
10
0
14
24
14 4 6
24 10 8
c

cir> cirr ./tests.fraig/cirp-n.aag -r

cir> cirp -n

[0] PI  1 (1GAT)
[1] CONST0
[2] AIG 10 1 0
[3] PI  2 (2GAT)
[4] PI  6 (6GAT)
[5] AIG 11 !1 6
[6] AIG 16 2 !11
[7] AIG 22 !10 !16
[8] PO  24 !22 (22GAT$PO)
[9] PI  7 (7GAT)
[10] AIG 19 *!15 7
[11] AIG 23 !16 !19
[12] PO  25 !23 (23GAT$PO)

cir> cirp -pi
PIs of the circuit: 1 2 6 7

cir> cirp -po
POs of the circuit: 24 25

cir> cirp -fl
Gates with floating fanin(s): 19

cir> cirg 7 -fanin 0
PI 7

cir> cirg 7 -fanin 1
PI 7

cir> cirg 7 -fanin 2
PI 7

cir> cirg 7 -fanin 100
PI 7

cir> cirg 11 -fanin 4
AIG 11
  !PI 1
  PI 6

cir> cirg 1 -fanout 4
PI 1
  AIG 10
    !AIG 22
      !PO 24
  !AIG 11
    !AIG 16
      !AIG 22 (*)
      !AIG 23
        !PO 25

cir> cirg 1
==================================================
= PI(1)"1GAT", line 2                            =
==================================================

cir> cirg 11
==================================================
= AIG(11), line 9                                =
==================================================

cir> cirg 24
==================================================
= PO(24)"22GAT$PO", line 6                       =
==================================================

cir> cirg 7
==================================================
= PI(7)"7GAT", line 5                            =
==================================================

cir> cirw
aag 23 4 0 2 6
2
4
12
14
45
47
20 2 0
22 3 12
32 4 23
44 21 33
38 31 14
46 33 39
i0 1GAT
i1 2GAT
i2 6GAT
i3 7GAT
o0 22GAT$PO
o1 23GAT$PO
c

cir> q -f

